<?xml version="1.0" encoding="UTF-8"?>
<testng-results ignored="0" total="1" passed="1" failed="0" skipped="0">
  <reporter-output>
  </reporter-output>
  <suite started-at="2021-01-29T06:32:40 IST" name="Default suite" finished-at="2021-01-29T06:32:46 IST" duration-ms="6151">
    <groups>
    </groups>
    <test started-at="2021-01-29T06:32:40 IST" name="Default test" finished-at="2021-01-29T06:32:46 IST" duration-ms="6151">
      <class name="tests.TestCase1">
        <test-method is-config="true" signature="browserSetup()[pri:0, instance:tests.TestCase1@2f112965]" started-at="2021-01-29T06:32:40 IST" name="browserSetup" finished-at="2021-01-29T06:32:42 IST" duration-ms="2402" status="PASS">
          <reporter-output>
          </reporter-output>
        </test-method> <!-- browserSetup -->
        <test-method signature="Test()[pri:0, instance:tests.TestCase1@2f112965]" started-at="2021-01-29T06:32:42 IST" name="Test" finished-at="2021-01-29T06:32:45 IST" duration-ms="2870" status="PASS">
          <reporter-output>
          </reporter-output>
        </test-method> <!-- Test -->
        <test-method is-config="true" signature="browserTearDown()[pri:0, instance:tests.TestCase1@2f112965]" started-at="2021-01-29T06:32:45 IST" name="browserTearDown" finished-at="2021-01-29T06:32:46 IST" duration-ms="802" status="PASS">
          <reporter-output>
          </reporter-output>
        </test-method> <!-- browserTearDown -->
      </class> <!-- tests.TestCase1 -->
    </test> <!-- Default test -->
  </suite> <!-- Default suite -->
</testng-results>
